<?xml version="1.0" encoding="UTF-8"?>
<!-- Generated by org.testng.reporters.JUnitReportReporter -->
<testsuite hostname="DESKTOP-8T77MDJ" failures="0" tests="12" name="automationZineUrl.AutomateApiZine$TestController" time="18.185" errors="0" timestamp="2024-11-29T16:53:15 IST" skipped="0">
  <testcase classname="automationZineUrl.AutomateApiZine$TestController" name="NewUserRegister" time="3.593"/>
  <system-out/>
  <testcase classname="automationZineUrl.AutomateApiZine$TestController" name="VerifyOtp" time="2.123"/>
  <system-out/>
  <testcase classname="automationZineUrl.AutomateApiZine$TestController" name="Login" time="3.855"/>
  <system-out/>
  <testcase classname="automationZineUrl.AutomateApiZine$TestController" name="getuser" time="0.985"/>
  <system-out/>
  <testcase classname="automationZineUrl.AutomateApiZine$TestController" name="updateUser" time="1.429"/>
  <system-out/>
  <testcase classname="automationZineUrl.AutomateApiZine$TestController" name="getTemplate" time="1.150"/>
  <system-out/>
  <testcase classname="automationZineUrl.AutomateApiZine$TestController" name="createZine" time="1.475"/>
  <system-out/>
  <testcase classname="automationZineUrl.AutomateApiZine$TestController" name="GetCompleteZine" time="1.214"/>
  <system-out/>
  <testcase classname="automationZineUrl.AutomateApiZine$TestController" name="GetAllSQLZine" time="0.477"/>
  <system-out/>
  <testcase classname="automationZineUrl.AutomateApiZine$TestController" name="GetOthersZine" time="0.943"/>
  <system-out/>
  <testcase classname="automationZineUrl.AutomateApiZine$TestController" name="FetchOwnZine" time="0.924"/>
  <system-out/>
  <testcase classname="automationZineUrl.AutomateApiZine$TestController" name="printAllRecords" time="0.017"/>
  <system-out/>
</testsuite> <!-- automationZineUrl.AutomateApiZine$TestController -->
