<?xml version="1.0" encoding="UTF-8"?>
<!-- Generated by org.testng.reporters.JUnitReportReporter -->
<testsuite hostname="DESKTOP-8T77MDJ" failures="0" tests="12" name="automationZineUrl.RegisterUser" time="20.579" errors="0" timestamp="2024-11-28T19:18:11 IST" skipped="0">
  <testcase classname="automationZineUrl.RegisterUser" name="NewUserRegister" time="3.124"/>
  <system-out/>
  <testcase classname="automationZineUrl.RegisterUser" name="VerifyOtp" time="1.856"/>
  <system-out/>
  <testcase classname="automationZineUrl.RegisterUser" name="Login" time="4.200"/>
  <system-out/>
  <testcase classname="automationZineUrl.RegisterUser" name="getuser" time="0.966"/>
  <system-out/>
  <testcase classname="automationZineUrl.RegisterUser" name="updateUser" time="1.382"/>
  <system-out/>
  <testcase classname="automationZineUrl.RegisterUser" name="getTemplate" time="1.148"/>
  <system-out/>
  <testcase classname="automationZineUrl.RegisterUser" name="createZine" time="1.733"/>
  <system-out/>
  <testcase classname="automationZineUrl.RegisterUser" name="GetCompleteZine" time="1.686"/>
  <system-out/>
  <testcase classname="automationZineUrl.RegisterUser" name="GetAllSQLZine" time="1.260"/>
  <system-out/>
  <testcase classname="automationZineUrl.RegisterUser" name="GetOthersZine" time="2.755"/>
  <system-out/>
  <testcase classname="automationZineUrl.RegisterUser" name="FetchOwnZine" time="0.443"/>
  <system-out/>
  <testcase classname="automationZineUrl.RegisterUser" name="printAllRecords" time="0.026"/>
  <system-out/>
</testsuite> <!-- automationZineUrl.RegisterUser -->
