<?xml version="1.0" encoding="UTF-8"?>
<!-- Generated by org.testng.reporters.JUnitReportReporter -->
<testsuite hostname="DESKTOP-8T77MDJ" failures="0" tests="1" name="testautomationZineUrl.control.TestController$TestRunner" time="0.003" errors="0" timestamp="2024-12-04T17:12:38 IST" skipped="0">
  <testcase classname="testautomationZineUrl.control.TestController$TestRunner" name="printAllRecords" time="0.003"/>
  <system-out/>
</testsuite> <!-- testautomationZineUrl.control.TestController$TestRunner -->
